<?xml version="1.0" encoding="UTF-8"?>
<!-- Generated by org.testng.reporters.JUnitReportReporter -->
<testsuite hostname="LAPTOP-MJQEULQN" failures="0" tests="10" name="test.supeixian.demo.testSend" time="0.016" errors="0" timestamp="2021-11-24T08:37:05 GMT+08:00" skipped="0">
  <testcase classname="test.supeixian.demo.testSend" name="test7" time="0.001"/>
  <system-out/>
  <testcase classname="test.supeixian.demo.testSend" name="test9" time="0.000"/>
  <system-out/>
  <testcase classname="test.supeixian.demo.testSend" name="test10" time="0.001"/>
  <system-out/>
  <testcase classname="test.supeixian.demo.testSend" name="test2" time="0.001"/>
  <system-out/>
  <testcase classname="test.supeixian.demo.testSend" name="test1" time="0.005"/>
  <system-out/>
  <testcase classname="test.supeixian.demo.testSend" name="test5" time="0.001"/>
  <system-out/>
  <testcase classname="test.supeixian.demo.testSend" name="test8" time="0.001"/>
  <system-out/>
  <testcase classname="test.supeixian.demo.testSend" name="test4" time="0.001"/>
  <system-out/>
  <testcase classname="test.supeixian.demo.testSend" name="test6" time="0.004"/>
  <system-out/>
  <testcase classname="test.supeixian.demo.testSend" name="test3" time="0.001"/>
  <system-out/>
</testsuite> <!-- test.supeixian.demo.testSend -->
