<?xml version="1.0" encoding="UTF-8"?>
<!-- Generated by org.testng.reporters.JUnitReportReporter -->
<testsuite hostname="LAPTOP-MJQEULQN" failures="0" tests="1" name="test.supeixian.demo.testSendMail" time="18.585" errors="0" timestamp="2021-11-24T10:35:54 GMT+08:00" skipped="0">
  <testcase classname="test.supeixian.demo.testSendMail" name="send" time="18.585"/>
  <system-out/>
</testsuite> <!-- test.supeixian.demo.testSendMail -->
