<?xml version="1.0" encoding="UTF-8"?>
<!-- Generated by org.testng.reporters.JUnitReportReporter -->
<testsuite hostname="LAPTOP-MJQEULQN" failures="0" tests="1" name="sendMail.MailSender" time="19.511" errors="0" timestamp="2021-11-24T09:02:30 GMT+08:00" skipped="0">
  <testcase classname="sendMail.MailSender" name="send" time="19.511"/>
  <system-out/>
</testsuite> <!-- sendMail.MailSender -->
