<?xml version="1.0" encoding="UTF-8"?>
<!-- Generated by org.testng.reporters.JUnitReportReporter -->
<testsuite hostname="LAPTOP-MJQEULQN" failures="0" tests="7" name="test.supeixian.demo.testSend" time="182.526" errors="0" timestamp="2021-11-24T10:11:34 GMT+08:00" skipped="0">
  <testcase classname="test.supeixian.demo.testSend" name="test1" time="25.174"/>
  <system-out/>
  <testcase classname="test.supeixian.demo.testSend" name="test2" time="28.172"/>
  <system-out/>
  <testcase classname="test.supeixian.demo.testSend" name="test3" time="25.160"/>
  <system-out/>
  <testcase classname="test.supeixian.demo.testSend" name="test4" time="25.102"/>
  <system-out/>
  <testcase classname="test.supeixian.demo.testSend" name="test5" time="31.942"/>
  <system-out/>
  <testcase classname="test.supeixian.demo.testSend" name="test6" time="21.979"/>
  <system-out/>
  <testcase classname="test.supeixian.demo.testSend" name="test7" time="24.997"/>
  <system-out/>
</testsuite> <!-- test.supeixian.demo.testSend -->
