<?xml version="1.0" encoding="UTF-8"?>
<!-- Generated by org.testng.reporters.JUnitReportReporter -->
<testsuite hostname="LAPTOP-MJQEULQN" failures="0" tests="3" name="test.supeixian.demo.testSend" time="18.506" errors="0" timestamp="2021-11-24T11:05:16 GMT+08:00" skipped="0">
  <testcase classname="test.supeixian.demo.testSend" name="test1" time="9.174"/>
  <system-out/>
  <testcase classname="test.supeixian.demo.testSend" name="test2" time="4.173"/>
  <system-out/>
  <testcase classname="test.supeixian.demo.testSend" name="test3" time="5.159"/>
  <system-out/>
</testsuite> <!-- test.supeixian.demo.testSend -->
