<?xml version="1.0" encoding="UTF-8"?>
<!-- Generated by org.testng.reporters.JUnitReportReporter -->
<testsuite hostname="LAPTOP-MJQEULQN" failures="0" tests="1" name="test.supeixian.demo.SmokeTesting_Superxain" time="24.576" errors="0" timestamp="2021-11-03T13:24:14 GMT+08:00" skipped="0">
  <testcase classname="test.supeixian.demo.SmokeTesting_Superxain" name="test09_visited_posts_enter_main" time="24.576"/>
  <system-out/>
</testsuite> <!-- test.supeixian.demo.SmokeTesting_Superxain -->
