<?xml version="1.0" encoding="UTF-8"?>
<!-- Generated by org.testng.reporters.JUnitReportReporter -->
<testsuite hostname="LAPTOP-MJQEULQN" failures="0" tests="1" name="test.supeixian.demo.SmokeTesting_Superxian" time="21.521" errors="0" timestamp="2021-11-09T18:53:46 GMT+08:00" skipped="0">
  <testcase classname="test.supeixian.demo.SmokeTesting_Superxian" name="test44_" time="21.521"/>
  <system-out/>
</testsuite> <!-- test.supeixian.demo.SmokeTesting_Superxian -->
