<?xml version="1.0" encoding="UTF-8"?>
<!-- Generated by org.testng.reporters.JUnitReportReporter -->
<testsuite hostname="LAPTOP-MJQEULQN" failures="0" tests="1" name="test.hanxinjie.demo.Admin_Login" time="8.713" errors="0" timestamp="2021-10-27T11:01:51 GMT+08:00" skipped="0">
  <testcase classname="test.hanxinjie.demo.Admin_Login" name="testLogin1" time="8.713"/>
  <system-out/>
</testsuite> <!-- test.hanxinjie.demo.Admin_Login -->
