<?xml version="1.0" encoding="UTF-8"?>
<!-- Generated by org.testng.reporters.JUnitReportReporter -->
<testsuite hostname="LAPTOP-MJQEULQN" failures="0" tests="7" name="test.supeixian.demo.testSend" time="182.517" errors="0" timestamp="2021-11-24T10:18:22 GMT+08:00" skipped="0">
  <testcase classname="test.supeixian.demo.testSend" name="test1" time="25.170"/>
  <system-out/>
  <testcase classname="test.supeixian.demo.testSend" name="test2" time="28.173"/>
  <system-out/>
  <testcase classname="test.supeixian.demo.testSend" name="test3" time="25.158"/>
  <system-out/>
  <testcase classname="test.supeixian.demo.testSend" name="test4" time="25.103"/>
  <system-out/>
  <testcase classname="test.supeixian.demo.testSend" name="test5" time="31.941"/>
  <system-out/>
  <testcase classname="test.supeixian.demo.testSend" name="test6" time="21.978"/>
  <system-out/>
  <testcase classname="test.supeixian.demo.testSend" name="test7" time="24.994"/>
  <system-out/>
</testsuite> <!-- test.supeixian.demo.testSend -->
