<?xml version="1.0" encoding="UTF-8"?>
<!-- Generated by org.testng.reporters.JUnitReportReporter -->
<testsuite skipped="0" hostname="LAPTOP-MJQEULQN" name="test.hanxinjie.demo.testhanxinjie1" tests="1" failures="0" timestamp="2021-11-21T09:12:37 GMT+08:00" time="25.473" errors="0">
  <testcase name="test01_collection" time="25.473" classname="test.hanxinjie.demo.testhanxinjie1"/>
  <system-out/>
</testsuite> <!-- test.hanxinjie.demo.testhanxinjie1 -->
